<?xml version="1.0" encoding="UTF-8"?>
<!-- Generated by org.testng.reporters.JUnitReportReporter -->
<testsuite skipped="0" hostname="Admin-??" name="com.jobapplication.PersonalInfoTest" tests="2" failures="0" timestamp="17 Jul 2018 04:10:52 GMT" time="15.668" errors="0">
  <testcase name="fullNameEmptyTest" time="3.029" classname="com.jobapplication.PersonalInfoTest"/>
  <testcase name="submitFullApplication" time="12.639" classname="com.jobapplication.PersonalInfoTest"/>
</testsuite> <!-- com.jobapplication.PersonalInfoTest -->
