<?xml version="1.0" encoding="UTF-8"?>
<!-- Generated by org.testng.reporters.JUnitReportReporter -->
<testsuite skipped="0" hostname="Admin-??" name="webElements.WebElements" tests="2" failures="0" timestamp="18 Jul 2018 06:16:00 GMT" time="14.241" errors="0">
  <testcase name="seleniumWebElementsForm" time="3.247" classname="webElements.WebElements"/>
  <testcase name="myLinks" time="10.994" classname="webElements.WebElements"/>
</testsuite> <!-- webElements.WebElements -->
