<?xml version="1.0" encoding="UTF-8"?>
<!-- Generated by org.testng.reporters.JUnitReportReporter -->
<testsuite skipped="0" hostname="Admin-??" name="webElements.ZohoElement" tests="1" failures="0" timestamp="18 Jul 2018 07:51:49 GMT" time="24.547" errors="0">
  <testcase name="seleniumWebElementsForm" time="24.547" classname="webElements.ZohoElement"/>
</testsuite> <!-- webElements.ZohoElement -->
